<?xml version="1.0" encoding="UTF-8"?>
<!-- Generated by org.testng.reporters.JUnitXMLReporter -->
<testsuite ignored="0" hostname="LAPTOP-44IE0UQU" failures="1" tests="1" name="Command line test" time="3.062" errors="0" timestamp="2019-07-11T14:30:35 CEST">
  <testcase classname="Tester" name="testCase" time="3.023">
    <failure type="org.opentest4j.AssertionFailedError" message="expected: &amp;lt;null&amp;gt; but was: &amp;lt;Frage&amp;gt;">
      <![CDATA[org.opentest4j.AssertionFailedError: expected: <null> but was: <Frage>
at org.junit.jupiter.api.AssertionUtils.fail(AssertionUtils.java:55)
at org.junit.jupiter.api.AssertionUtils.failNotEqual(AssertionUtils.java:62)
at org.junit.jupiter.api.AssertEquals.assertEquals(AssertEquals.java:182)
at org.junit.jupiter.api.AssertEquals.assertEquals(AssertEquals.java:177)
at org.junit.jupiter.api.Assertions.assertEquals(Assertions.java:1124)
at Tester.testCase(Tester.java:42)
at java.base/java.util.ArrayList.forEach(ArrayList.java:1540)
... Removed 36 stack frames]]>
    </failure>
  </testcase> <!-- testCase -->
</testsuite> <!-- Command line test -->
