<?xml version="1.0" encoding="UTF-8"?>
<testng-results ignored="0" total="1" passed="1" failed="0" skipped="0">
  <reporter-output>
  </reporter-output>
  <suite started-at="2019-07-11T13:07:05 MESZ" name="Tester" finished-at="2019-07-11T13:07:05 MESZ" duration-ms="110">
    <groups>
    </groups>
    <test started-at="2019-07-11T13:07:05 MESZ" name="Command line test" finished-at="2019-07-11T13:07:05 MESZ" duration-ms="110">
      <class name="Tester">
        <test-method signature="testCase()[pri:0, instance:Tester@38bc8ab5]" started-at="2019-07-11T13:07:05 MESZ" name="testCase" finished-at="2019-07-11T13:07:05 MESZ" duration-ms="52" status="PASS">
          <reporter-output>
          </reporter-output>
        </test-method> <!-- testCase -->
      </class> <!-- Tester -->
    </test> <!-- Command line test -->
  </suite> <!-- Tester -->
</testng-results>
